<?xml version="1.0" encoding="UTF-8"?>
<testng-results ignored="0" total="2" passed="2" failed="0" skipped="0">
  <reporter-output>
  </reporter-output>
  <suite started-at="2025-06-24T19:59:29 IST" name="Suite" finished-at="2025-06-24T20:00:04 IST" duration-ms="34934">
    <groups>
      <group name="cucumber">
        <method signature="AbstractTestNGCucumberTests.runScenario(io.cucumber.testng.PickleWrapper,io.cucumber.testng.FeatureWrapper)[pri:0, instance:org.runner.TestRunner@2532b351]" name="runScenario" class="io.cucumber.testng.AbstractTestNGCucumberTests"/>
      </group> <!-- cucumber -->
    </groups>
    <test started-at="2025-06-24T19:59:29 IST" name="Test" finished-at="2025-06-24T20:00:04 IST" duration-ms="34934">
      <class name="org.runner.TestRunner">
        <test-method is-config="true" signature="launchBrowser()[pri:0, instance:org.runner.TestRunner@2532b351]" started-at="2025-06-24T19:59:23 IST" name="launchBrowser" finished-at="2025-06-24T19:59:29 IST" duration-ms="5610" status="PASS">
          <reporter-output>
          </reporter-output>
        </test-method> <!-- launchBrowser -->
        <test-method is-config="true" signature="setUpClass(org.testng.ITestContext)[pri:0, instance:org.runner.TestRunner@2532b351]" started-at="2025-06-24T19:59:29 IST" name="setUpClass" finished-at="2025-06-24T19:59:30 IST" duration-ms="1175" status="PASS">
          <params>
            <param index="0">
              <value>
                <![CDATA[org.testng.TestRunner@ae094e8]]>
              </value>
            </param>
          </params>
          <reporter-output>
          </reporter-output>
        </test-method> <!-- setUpClass -->
        <test-method signature="runScenario(io.cucumber.testng.PickleWrapper,io.cucumber.testng.FeatureWrapper)[pri:0, instance:org.runner.TestRunner@2532b351]" started-at="2025-06-24T19:59:30 IST" name="runScenario" description="Runs Cucumber Scenarios" data-provider="scenarios" finished-at="2025-06-24T19:59:55 IST" duration-ms="24813" status="PASS">
          <params>
            <param index="0">
              <value>
                <![CDATA["verifying user able to launch the practice application"]]>
              </value>
            </param>
            <param index="1">
              <value>
                <![CDATA["verifying the user able to launch a practice application to automate"]]>
              </value>
            </param>
          </params>
          <reporter-output>
          </reporter-output>
        </test-method> <!-- runScenario -->
        <test-method signature="runScenario(io.cucumber.testng.PickleWrapper,io.cucumber.testng.FeatureWrapper)[pri:0, instance:org.runner.TestRunner@2532b351]" started-at="2025-06-24T19:59:55 IST" name="runScenario" description="Runs Cucumber Scenarios" data-provider="scenarios" finished-at="2025-06-24T20:00:00 IST" duration-ms="5530" status="PASS">
          <params>
            <param index="0">
              <value>
                <![CDATA["verifying user able to validate the error message without username and password"]]>
              </value>
            </param>
            <param index="1">
              <value>
                <![CDATA["verifying the user able to launch a practice application to automate"]]>
              </value>
            </param>
          </params>
          <reporter-output>
          </reporter-output>
        </test-method> <!-- runScenario -->
        <test-method is-config="true" signature="tearDownClass()[pri:0, instance:org.runner.TestRunner@2532b351]" started-at="2025-06-24T20:00:00 IST" name="tearDownClass" finished-at="2025-06-24T20:00:04 IST" duration-ms="3310" status="PASS">
          <reporter-output>
          </reporter-output>
        </test-method> <!-- tearDownClass -->
        <test-method is-config="true" signature="tearDown()[pri:0, instance:org.runner.TestRunner@2532b351]" started-at="2025-06-24T20:00:04 IST" name="tearDown" finished-at="2025-06-24T20:00:04 IST" duration-ms="241" status="PASS">
          <reporter-output>
          </reporter-output>
        </test-method> <!-- tearDown -->
      </class> <!-- org.runner.TestRunner -->
    </test> <!-- Test -->
  </suite> <!-- Suite -->
</testng-results>
