<?xml version="1.0" encoding="UTF-8"?>
<testng-results ignored="0" total="2" passed="2" failed="0" skipped="0">
  <reporter-output>
  </reporter-output>
  <suite started-at="2025-06-22T15:01:43 IST" name="Default suite" finished-at="2025-06-22T15:02:12 IST" duration-ms="28974">
    <groups>
      <group name="cucumber">
        <method signature="AbstractTestNGCucumberTests.runScenario(io.cucumber.testng.PickleWrapper,io.cucumber.testng.FeatureWrapper)[pri:0, instance:org.runner.TestRunner@64f16277]" name="runScenario" class="io.cucumber.testng.AbstractTestNGCucumberTests"/>
      </group> <!-- cucumber -->
    </groups>
    <test started-at="2025-06-22T15:01:43 IST" name="Default test" finished-at="2025-06-22T15:02:12 IST" duration-ms="28974">
      <class name="org.runner.TestRunner">
        <test-method is-config="true" signature="launchBrowser()[pri:0, instance:org.runner.TestRunner@64f16277]" started-at="2025-06-22T15:01:41 IST" name="launchBrowser" finished-at="2025-06-22T15:01:43 IST" duration-ms="2556" status="PASS">
          <reporter-output>
          </reporter-output>
        </test-method> <!-- launchBrowser -->
        <test-method is-config="true" signature="setUpClass(org.testng.ITestContext)[pri:0, instance:org.runner.TestRunner@64f16277]" started-at="2025-06-22T15:01:43 IST" name="setUpClass" finished-at="2025-06-22T15:01:45 IST" duration-ms="1052" status="PASS">
          <params>
            <param index="0">
              <value>
                <![CDATA[org.testng.TestRunner@f8d6d7d]]>
              </value>
            </param>
          </params>
          <reporter-output>
          </reporter-output>
        </test-method> <!-- setUpClass -->
        <test-method signature="runScenario(io.cucumber.testng.PickleWrapper,io.cucumber.testng.FeatureWrapper)[pri:0, instance:org.runner.TestRunner@64f16277]" started-at="2025-06-22T15:01:45 IST" name="runScenario" description="Runs Cucumber Scenarios" data-provider="scenarios" finished-at="2025-06-22T15:01:56 IST" duration-ms="11178" status="PASS">
          <params>
            <param index="0">
              <value>
                <![CDATA["verifying user able to launch the practice application"]]>
              </value>
            </param>
            <param index="1">
              <value>
                <![CDATA["verifying the user able to launch a practice application to automate"]]>
              </value>
            </param>
          </params>
          <reporter-output>
          </reporter-output>
        </test-method> <!-- runScenario -->
        <test-method signature="runScenario(io.cucumber.testng.PickleWrapper,io.cucumber.testng.FeatureWrapper)[pri:0, instance:org.runner.TestRunner@64f16277]" started-at="2025-06-22T15:01:56 IST" name="runScenario" description="Runs Cucumber Scenarios" data-provider="scenarios" finished-at="2025-06-22T15:02:06 IST" duration-ms="10373" status="PASS">
          <params>
            <param index="0">
              <value>
                <![CDATA["verifying user able to validate the error message without username and password"]]>
              </value>
            </param>
            <param index="1">
              <value>
                <![CDATA["verifying the user able to launch a practice application to automate"]]>
              </value>
            </param>
          </params>
          <reporter-output>
          </reporter-output>
        </test-method> <!-- runScenario -->
        <test-method is-config="true" signature="tearDownClass()[pri:0, instance:org.runner.TestRunner@64f16277]" started-at="2025-06-22T15:02:06 IST" name="tearDownClass" finished-at="2025-06-22T15:02:12 IST" duration-ms="6220" status="PASS">
          <reporter-output>
          </reporter-output>
        </test-method> <!-- tearDownClass -->
        <test-method is-config="true" signature="tearDown()[pri:0, instance:org.runner.TestRunner@64f16277]" started-at="2025-06-22T15:02:12 IST" name="tearDown" finished-at="2025-06-22T15:02:13 IST" duration-ms="277" status="PASS">
          <reporter-output>
          </reporter-output>
        </test-method> <!-- tearDown -->
      </class> <!-- org.runner.TestRunner -->
    </test> <!-- Default test -->
  </suite> <!-- Default suite -->
</testng-results>
